<?xml version="1.0" encoding="UTF-8"?>
<testsuite name="taxipark.TestTask6ParetoPrinciple" tests="11" skipped="0" failures="0" errors="0" timestamp="2020-08-18T04:49:46" hostname="Michaels-MacBook-Pro" time="0.056">
  <properties/>
  <testcase name="test1" classname="taxipark.TestTask6ParetoPrinciple" time="0.046"/>
  <testcase name="test2" classname="taxipark.TestTask6ParetoPrinciple" time="0.0"/>
  <testcase name="test3" classname="taxipark.TestTask6ParetoPrinciple" time="0.001"/>
  <testcase name="test4" classname="taxipark.TestTask6ParetoPrinciple" time="0.001"/>
  <testcase name="test5" classname="taxipark.TestTask6ParetoPrinciple" time="0.001"/>
  <testcase name="test7" classname="taxipark.TestTask6ParetoPrinciple" time="0.001"/>
  <testcase name="test8" classname="taxipark.TestTask6ParetoPrinciple" time="0.002"/>
  <testcase name="test9" classname="taxipark.TestTask6ParetoPrinciple" time="0.001"/>
  <testcase name="testParetoPrincipleFails" classname="taxipark.TestTask6ParetoPrinciple" time="0.001"/>
  <testcase name="testParetoPrincipleNoTrips" classname="taxipark.TestTask6ParetoPrinciple" time="0.001"/>
  <testcase name="testParetoPrincipleSucceeds" classname="taxipark.TestTask6ParetoPrinciple" time="0.0"/>
  <system-out><![CDATA[[160.0, 39.0]
80% = 159.20000000000002 :: 20% = 1
[160.0, 41.0]
80% = 160.8 :: 20% = 1
[296.5, 39.6, 17.0, 16.6]
80% = 295.76000000000005 :: 20% = 1
[306.40000000000003, 42.39999999999999, 25.2, 9.0]
80% = 306.40000000000003 :: 20% = 1
[208.5, 73.6]
80% = 225.68000000000004 :: 20% = 1
[422.3, 398.0, 60.3, 41.0, 40.3, 38.9, 16.8, 5.6]
80% = 818.56 :: 20% = 2
[522.1, 311.3, 50.6, 40.099999999999994, 36.6, 33.7, 26.0, 15.0, 8.0]
80% = 834.7200000000001 :: 20% = 2
[484.2, 458.8, 263.8, 202.29999999999998, 69.6, 58.2, 43.4, 36.4, 27.0, 25.0, 24.4, 19.8, 19.2, 18.0]
80% = 1400.0800000000002 :: 20% = 4
[120.0, 40.0, 40.0]
80% = 160.0 :: 20% = 1
[160.0, 40.0]
80% = 160.0 :: 20% = 1
]]></system-out>
  <system-err><![CDATA[]]></system-err>
</testsuite>
